library/httplibrary/build/intermediates/manifest_merge_blame_file/debug/manifest-merger-blame-debug-report.txt
1<?xml version="1.0" encoding="utf-8"?>
2<manifest xmlns:android="http://schemas.android.com/apk/res/android"
3    xmlns:tools="http://schemas.android.com/tools"
4    package="com.kevin.httplibrary" >
5
6    <uses-sdk
7        android:minSdkVersion="23"
7-->src/main/AndroidManifest.xml
8        android:targetSdkVersion="32" />
8-->src/main/AndroidManifest.xml
9
10    <uses-permission android:name="android.permission.INTERNET" />
10-->src/main/AndroidManifest.xml:6:5-67
10-->src/main/AndroidManifest.xml:6:22-64
11
12    <application
12-->src/main/AndroidManifest.xml:7:5-9:31
13        android:networkSecurityConfig="@xml/network_security_config"
13-->src/main/AndroidManifest.xml:8:9-69
14        tools:targetApi="n" />
14-->src/main/AndroidManifest.xml:9:9-28
15
16</manifest>